[22:26:40,934] [INFO] CmdHandlerFactory.init --> org.tinygame.herostory.msg.GameMsgProtocol$UserEntryCmd <==> org.tinygame.herostory.cmdHandler.UserEntryCmdHandler
[22:26:40,961] [INFO] CmdHandlerFactory.init --> org.tinygame.herostory.msg.GameMsgProtocol$UserMoveToCmd <==> org.tinygame.herostory.cmdHandler.UserMoveToCmdHandler
[22:26:40,978] [INFO] CmdHandlerFactory.init --> org.tinygame.herostory.msg.GameMsgProtocol$WhoElseIsHereCmd <==> org.tinygame.herostory.cmdHandler.WhoElseIsHereCmdHandler
[22:26:40,997] [INFO] CmdHandlerFactory.init --> org.tinygame.herostory.msg.GameMsgProtocol$UserAttkCmd <==> org.tinygame.herostory.cmdHandler.UserAttkCmdHandler
[22:26:41,017] [INFO] CmdHandlerFactory.init --> org.tinygame.herostory.msg.GameMsgProtocol$UserLoginCmd <==> org.tinygame.herostory.cmdHandler.UserLoginCmdHandler
[22:26:41,474] [INFO] GameMsgRecognizer.init --> org.tinygame.herostory.msg.GameMsgProtocol$SelectHeroResult <==> 16
[22:26:41,531] [INFO] GameMsgRecognizer.init --> org.tinygame.herostory.msg.GameMsgProtocol$SelectHeroCmd <==> 15
[22:26:41,542] [INFO] GameMsgRecognizer.init --> org.tinygame.herostory.msg.GameMsgProtocol$UserLoginResult <==> 14
[22:26:41,549] [INFO] GameMsgRecognizer.init --> org.tinygame.herostory.msg.GameMsgProtocol$UserLoginCmd <==> 13
[22:26:41,556] [INFO] GameMsgRecognizer.init --> org.tinygame.herostory.msg.GameMsgProtocol$UserDieResult <==> 12
[22:26:41,567] [INFO] GameMsgRecognizer.init --> org.tinygame.herostory.msg.GameMsgProtocol$UserSubtractHpResult <==> 11
[22:26:41,588] [INFO] GameMsgRecognizer.init --> org.tinygame.herostory.msg.GameMsgProtocol$UserAttkResult <==> 10
[22:26:41,608] [INFO] GameMsgRecognizer.init --> org.tinygame.herostory.msg.GameMsgProtocol$UserAttkCmd <==> 9
[22:26:41,625] [INFO] GameMsgRecognizer.init --> org.tinygame.herostory.msg.GameMsgProtocol$UserStopResult <==> 8
[22:26:41,636] [INFO] GameMsgRecognizer.init --> org.tinygame.herostory.msg.GameMsgProtocol$UserStopCmd <==> 7
[22:26:41,652] [INFO] GameMsgRecognizer.init --> org.tinygame.herostory.msg.GameMsgProtocol$UserQuitResult <==> 6
[22:26:41,668] [INFO] GameMsgRecognizer.init --> org.tinygame.herostory.msg.GameMsgProtocol$UserMoveToResult <==> 5
[22:26:41,680] [INFO] GameMsgRecognizer.init --> org.tinygame.herostory.msg.GameMsgProtocol$UserMoveToCmd <==> 4
[22:26:41,722] [INFO] GameMsgRecognizer.init --> org.tinygame.herostory.msg.GameMsgProtocol$WhoElseIsHereResult <==> 3
[22:26:41,728] [INFO] GameMsgRecognizer.init --> org.tinygame.herostory.msg.GameMsgProtocol$WhoElseIsHereCmd <==> 2
[22:26:41,735] [INFO] GameMsgRecognizer.init --> org.tinygame.herostory.msg.GameMsgProtocol$UserEntryResult <==> 1
[22:26:41,811] [INFO] GameMsgRecognizer.init --> org.tinygame.herostory.msg.GameMsgProtocol$UserEntryCmd <==> 0
[22:26:45,806] [INFO] ServerMain.main --> 服务器启动成功！
[22:27:09,333] [INFO] MainThreadProcessor.process --> 收到客户端消息：msgClazz = org.tinygame.herostory.msg.GameMsgProtocol$UserLoginCmd, msg = userName: "a"
password: "q"

[22:27:09,338] [INFO] UserLoginCmdHandler.handle --> 当前线程为：MainThreadProcessor
[22:27:09,338] [INFO] UserLoginCmdHandler.handle --> userName = a, password = q
[22:27:16,041] [INFO] LoginService.userLogin --> 当前线程为：MainThreadProcessor
[22:27:16,077] [INFO] LoginService$AsyncGetUserByName.doAsync --> 当前线程为：AsyncOperationProcessor_1
[22:29:11,298] [INFO] MainThreadProcessor.process --> 收到客户端消息：msgClazz = org.tinygame.herostory.msg.GameMsgProtocol$UserEntryCmd, msg = 
[22:29:11,300] [INFO] MainThreadProcessor.process --> 收到客户端消息：msgClazz = org.tinygame.herostory.msg.GameMsgProtocol$WhoElseIsHereCmd, msg = 
[22:29:24,135] [INFO] MainThreadProcessor.process --> 收到客户端消息：msgClazz = org.tinygame.herostory.msg.GameMsgProtocol$UserLoginCmd, msg = userName: "a"
password: "q"

[22:29:24,136] [INFO] UserLoginCmdHandler.handle --> 当前线程为：MainThreadProcessor
[22:29:24,136] [INFO] UserLoginCmdHandler.handle --> userName = a, password = q
[22:29:26,547] [INFO] LoginService.userLogin --> 当前线程为：MainThreadProcessor
[22:29:46,910] [INFO] LoginService$AsyncGetUserByName.doAsync --> 当前线程为：AsyncOperationProcessor_1
[22:29:48,393] [INFO] MainThreadProcessor.process --> 收到客户端消息：msgClazz = org.tinygame.herostory.msg.GameMsgProtocol$UserEntryCmd, msg = 
[22:29:48,396] [INFO] MainThreadProcessor.process --> 收到客户端消息：msgClazz = org.tinygame.herostory.msg.GameMsgProtocol$WhoElseIsHereCmd, msg = 
[22:29:57,649] [INFO] MainThreadProcessor.process --> 收到客户端消息：msgClazz = org.tinygame.herostory.msg.GameMsgProtocol$UserLoginCmd, msg = userName: "a"
password: "q"

[22:29:57,650] [INFO] UserLoginCmdHandler.handle --> 当前线程为：MainThreadProcessor
[22:29:57,650] [INFO] UserLoginCmdHandler.handle --> userName = a, password = q
[22:30:13,173] [INFO] LoginService.userLogin --> 当前线程为：MainThreadProcessor
[22:32:12,616] [INFO] LoginService$AsyncGetUserByName.doAsync --> 当前线程为：AsyncOperationProcessor_1
[22:32:49,064] [INFO] MainThreadProcessor.process --> 收到客户端消息：msgClazz = org.tinygame.herostory.msg.GameMsgProtocol$UserEntryCmd, msg = 
[22:32:49,065] [INFO] MainThreadProcessor.process --> 收到客户端消息：msgClazz = org.tinygame.herostory.msg.GameMsgProtocol$WhoElseIsHereCmd, msg = 
[22:32:56,669] [INFO] MainThreadProcessor.process --> 收到客户端消息：msgClazz = org.tinygame.herostory.msg.GameMsgProtocol$UserLoginCmd, msg = userName: "a"
password: "q"

[22:32:56,669] [INFO] UserLoginCmdHandler.handle --> 当前线程为：MainThreadProcessor
[22:32:56,670] [INFO] UserLoginCmdHandler.handle --> userName = a, password = q
[22:34:36,638] [INFO] LoginService.userLogin --> 当前线程为：MainThreadProcessor
[22:35:12,803] [INFO] LoginService$AsyncGetUserByName.doAsync --> 当前线程为：AsyncOperationProcessor_1
[22:35:33,091] [INFO] MainThreadProcessor.process --> 收到客户端消息：msgClazz = org.tinygame.herostory.msg.GameMsgProtocol$UserEntryCmd, msg = 
[22:35:33,092] [INFO] MainThreadProcessor.process --> 收到客户端消息：msgClazz = org.tinygame.herostory.msg.GameMsgProtocol$WhoElseIsHereCmd, msg = 
[22:35:39,535] [INFO] MainThreadProcessor.process --> 收到客户端消息：msgClazz = org.tinygame.herostory.msg.GameMsgProtocol$UserLoginCmd, msg = userName: "a"
password: "q"

[22:35:39,536] [INFO] UserLoginCmdHandler.handle --> 当前线程为：MainThreadProcessor
[22:35:39,536] [INFO] UserLoginCmdHandler.handle --> userName = a, password = q
[22:35:54,284] [INFO] LoginService.userLogin --> 当前线程为：MainThreadProcessor
[22:36:56,096] [INFO] LoginService$AsyncGetUserByName.doAsync --> 当前线程为：AsyncOperationProcessor_1
[22:38:00,691] [INFO] MainThreadProcessor.process --> 收到客户端消息：msgClazz = org.tinygame.herostory.msg.GameMsgProtocol$UserEntryCmd, msg = 
[22:38:00,700] [INFO] MainThreadProcessor.process --> 收到客户端消息：msgClazz = org.tinygame.herostory.msg.GameMsgProtocol$WhoElseIsHereCmd, msg = 
